Standard attention time is 30051000000000.000000 ns 
QK[0][0] = 8.000000
  QK[0][1] = 7.000000
  QK[0][2] = 6.000000
  QK[0][3] = 6.000000
  QK[0][4] = 5.000000
  QK[0][5] = 5.000000
  QK[0][6] = 5.000000
  QK[0][7] = 5.000000
  QK[0][8] = 4.000000
  QK[0][9] = 4.000000
  QK[0][10] = 4.000000
  QK[0][11] = 4.000000
  QK[0][12] = 4.000000
  QK[0][13] = 4.000000
  QK[0][14] = 4.000000
  QK[0][15] = 4.000000
  QK[0][16] = 3.000000
  QK[0][17] = 3.000000
  QK[0][18] = 3.000000
  QK[0][19] = 3.000000
  QK[0][20] = 3.000000
  QK[0][21] = 3.000000
  QK[0][22] = 3.000000
  QK[0][23] = 3.000000
  QK[0][24] = 3.000000
  QK[0][25] = 3.000000
  QK[0][26] = 3.000000
  QK[0][27] = 3.000000
  QK[0][28] = 3.000000
  QK[0][29] = 3.000000
  QK[0][30] = 3.000000
  QK[0][31] = 3.000000
  QK[0][32] = 2.000000
  QK[0][33] = 2.000000
  QK[0][34] = 2.000000
  QK[0][35] = 2.000000
  QK[0][36] = 2.000000
  QK[0][37] = 2.000000
  QK[0][38] = 2.000000
  QK[0][39] = 2.000000
  QK[0][40] = 2.000000
  QK[0][41] = 2.000000
  QK[0][42] = 2.000000
  QK[0][43] = 2.000000
  QK[0][44] = 2.000000
  QK[0][45] = 2.000000
  QK[0][46] = 2.000000
  QK[0][47] = 2.000000
  QK[0][48] = 2.000000
  QK[0][49] = 2.000000
  QK[0][50] = 2.000000
  QK[0][51] = 2.000000
  QK[0][52] = 2.000000
  QK[0][53] = 2.000000
  QK[0][54] = 2.000000
  QK[0][55] = 2.000000
  QK[0][56] = 2.000000
  QK[0][57] = 2.000000
  QK[0][58] = 2.000000
  QK[0][59] = 2.000000
  QK[0][60] = 2.000000
  QK[0][61] = 2.000000
  QK[0][62] = 2.000000
  QK[0][63] = 2.000000
  QK[0][64] = 1.000000
  QK[0][65] = 1.000000
  QK[0][66] = 1.000000
  QK[0][67] = 1.000000
  QK[0][68] = 1.000000
  QK[0][69] = 1.000000
  QK[0][70] = 1.000000
  QK[0][71] = 1.000000
  QK[0][72] = 1.000000
  QK[0][73] = 1.000000
  QK[0][74] = 1.000000
  QK[0][75] = 1.000000
  QK[0][76] = 1.000000
  QK[0][77] = 1.000000
  QK[0][78] = 1.000000
  QK[0][79] = 1.000000
  QK[0][80] = 1.000000
  QK[0][81] = 1.000000
  QK[0][82] = 1.000000
  QK[0][83] = 1.000000
  QK[0][84] = 1.000000
  QK[0][85] = 1.000000
  QK[0][86] = 1.000000
  QK[0][87] = 1.000000
  QK[0][88] = 1.000000
  QK[0][89] = 1.000000
  QK[0][90] = 1.000000
  QK[0][91] = 1.000000
  QK[0][92] = 1.000000
  QK[0][93] = 1.000000
  QK[0][94] = 1.000000
  QK[0][95] = 1.000000
  QK[0][96] = 1.000000
  QK[0][97] = 1.000000
  QK[0][98] = 1.000000
  QK[0][99] = 1.000000
  QK[0][100] = 1.000000
  QK[0][101] = 1.000000
  QK[0][102] = 1.000000
  QK[0][103] = 1.000000
  QK[0][104] = 1.000000
  QK[0][105] = 1.000000
  QK[0][106] = 1.000000
  QK[0][107] = 1.000000
  QK[0][108] = 1.000000
  QK[0][109] = 1.000000
  QK[0][110] = 1.000000
  QK[0][111] = 1.000000
  QK[0][112] = 1.000000
  QK[0][113] = 1.000000
  QK[0][114] = 1.000000
  QK[0][115] = 1.000000
  QK[0][116] = 1.000000
  QK[0][117] = 1.000000
  QK[0][118] = 1.000000
  QK[0][119] = 1.000000
  QK[0][120] = 1.000000
  QK[0][121] = 1.000000
  QK[0][122] = 1.000000
  QK[0][123] = 1.000000
  QK[0][124] = 1.000000
  QK[0][125] = 1.000000
  QK[0][126] = 1.000000
  QK[0][127] = 1.000000
  QK[0][128] = 0.000000
  QK[0][129] = 0.000000
  QK[0][130] = 0.000000
  QK[0][131] = 0.000000
  QK[0][132] = 0.000000
  QK[0][133] = 0.000000
  QK[0][134] = 0.000000
  QK[0][135] = 0.000000
  QK[0][136] = 0.000000
  QK[0][137] = 0.000000
  QK[0][138] = 0.000000
  QK[0][139] = 0.000000
  QK[0][140] = 0.000000
  QK[0][141] = 0.000000
  QK[0][142] = 0.000000
  QK[0][143] = 0.000000
  QK[0][144] = 0.000000
  QK[0][145] = 0.000000
  QK[0][146] = 0.000000
  QK[0][147] = 0.000000
  QK[0][148] = 0.000000
  QK[0][149] = 0.000000
  QK[0][150] = 0.000000
  QK[0][151] = 0.000000
  QK[0][152] = 0.000000
  QK[0][153] = 0.000000
  QK[0][154] = 0.000000
  QK[0][155] = 0.000000
  QK[0][156] = 0.000000
  QK[0][157] = 0.000000
  QK[0][158] = 0.000000
  QK[0][159] = 0.000000
  QK[0][160] = 0.000000
  QK[0][161] = 0.000000
  QK[0][162] = 0.000000
  QK[0][163] = 0.000000
  QK[0][164] = 0.000000
  QK[0][165] = 0.000000
  QK[0][166] = 0.000000
  QK[0][167] = 0.000000
  QK[0][168] = 0.000000
  QK[0][169] = 0.000000
  QK[0][170] = 0.000000
  QK[0][171] = 0.000000
  QK[0][172] = 0.000000
  QK[0][173] = 0.000000
  QK[0][174] = 0.000000
  QK[0][175] = 0.000000
  QK[0][176] = 0.000000
  QK[0][177] = 0.000000
  QK[0][178] = 0.000000
  QK[0][179] = 0.000000
  QK[0][180] = 0.000000
  QK[0][181] = 0.000000
  QK[0][182] = 0.000000
  QK[0][183] = 0.000000
  QK[0][184] = 0.000000
  QK[0][185] = 0.000000
  QK[0][186] = 0.000000
  QK[0][187] = 0.000000
  QK[0][188] = 0.000000
  QK[0][189] = 0.000000
  QK[0][190] = 0.000000
  QK[0][191] = 0.000000
  QK[0][192] = 0.000000
  QK[0][193] = 0.000000
  QK[0][194] = 0.000000
  QK[0][195] = 0.000000
  